[1207/052812.329:ERROR:directory_reader_win.cc(43)] FindFirstFile: The system cannot find the path specified. (0x3)
[1207/085544.750:ERROR:process_info.cc(329)] VirtualQueryEx: Access is denied. (0x5)
[1207/085544.806:ERROR:process_info.cc(556)] ReadMemoryInfo failed
[1207/085544.198:ERROR:process_reader_win.cc(123)] NtOpenThread: {Access Denied} A process has requested access to an object, but has not been granted those access rights. (0xc0000022)
[1207/085544.822:ERROR:exception_snapshot_win.cc(99)] thread ID 2736 not found in process
[1207/085544.526:ERROR:process_reader_win.cc(123)] NtOpenThread: {Access Denied} A process has requested access to an object, but has not been granted those access rights. (0xc0000022)
[1207/085544.782:ERROR:process_reader_win.cc(123)] NtOpenThread: {Access Denied} A process has requested access to an object, but has not been granted those access rights. (0xc0000022)
[1207/085544.270:ERROR:process_reader_win.cc(123)] NtOpenThread: {Access Denied} A process has requested access to an object, but has not been granted those access rights. (0xc0000022)
[1207/085544.822:ERROR:exception_snapshot_win.cc(99)] thread ID 2692 not found in process
[1207/085544.198:ERROR:process_reader_win.cc(123)] NtOpenThread: {Access Denied} A process has requested access to an object, but has not been granted those access rights. (0xc0000022)
[1207/085544.478:ERROR:process_reader_win.cc(123)] NtOpenThread: {Access Denied} A process has requested access to an object, but has not been granted those access rights. (0xc0000022)
[1207/085544.198:ERROR:process_reader_win.cc(123)] NtOpenThread: {Access Denied} A process has requested access to an object, but has not been granted those access rights. (0xc0000022)
[1207/085544.822:ERROR:exception_snapshot_win.cc(99)] thread ID 10900 not found in process
[1207/085544.198:ERROR:process_reader_win.cc(123)] NtOpenThread: {Access Denied} A process has requested access to an object, but has not been granted those access rights. (0xc0000022)
[1207/085544.822:ERROR:exception_snapshot_win.cc(99)] thread ID 9096 not found in process
[1207/085544.822:ERROR:exception_snapshot_win.cc(99)] thread ID 10896 not found in process
[1207/085544.822:ERROR:exception_snapshot_win.cc(99)] thread ID 10888 not found in process
[1207/085544.822:ERROR:exception_snapshot_win.cc(99)] thread ID 10868 not found in process
[1207/085544.822:ERROR:exception_snapshot_win.cc(99)] thread ID 10864 not found in process
[1207/085544.830:ERROR:scoped_process_suspend.cc(40)] NtResumeProcess: An attempt was made to access an exiting process. (0xc000010a)
[1207/085544.830:ERROR:scoped_process_suspend.cc(40)] NtResumeProcess: An attempt was made to access an exiting process. (0xc000010a)
[1207/141521.684:ERROR:directory_reader_win.cc(43)] FindFirstFile: The system cannot find the path specified. (0x3)
[1207/145604.493:ERROR:directory_reader_win.cc(43)] FindFirstFile: The system cannot find the path specified. (0x3)
[1208/133252.360:ERROR:directory_reader_win.cc(43)] FindFirstFile: The system cannot find the path specified. (0x3)
[1216/164605.446:ERROR:directory_reader_win.cc(43)] FindFirstFile: The system cannot find the path specified. (0x3)
[1219/154600.869:ERROR:directory_reader_win.cc(43)] FindFirstFile: The system cannot find the path specified. (0x3)
[1225/122548.519:ERROR:directory_reader_win.cc(43)] FindFirstFile: The system cannot find the path specified. (0x3)
[1227/101510.558:ERROR:directory_reader_win.cc(43)] FindFirstFile: The system cannot find the path specified. (0x3)
